
-----
Test: test_first_case.py::test_first_case (call)
Start time: 2024-03-15 06:32:12.140530
Start name method: move_to_contacts

End time: 2024-03-15 06:32:15.990624
End name method: move_to_contacts
URL: https://sbis.ru/contacts

-----

-----
Test: test_first_case.py::test_first_case (call)
Start time: 2024-03-15 06:32:15.990706
Start name method: move_tensor

End time: 2024-03-15 06:32:19.758171
End name method: move_tensor
URL: https://tensor.ru/

-----

-----
Test: test_first_case.py::test_first_case (call)
Start time: 2024-03-15 06:32:19.758338
Start name method: link_about_tensor

End time: 2024-03-15 06:32:26.163223
End name method: link_about_tensor
URL: https://tensor.ru/about

-----

-----
Test: test_first_case.py::test_first_case (call)
Start time: 2024-03-15 06:32:26.163493
Start name method: check_images_section_work

End time: 2024-03-15 06:32:27.158510
End name method: check_images_section_work
URL: https://tensor.ru/about

-----

-----
Test: test_second_case.py::test_second_case (call)
Start time: 2024-03-15 06:33:04.124206
Start name method: move_to_contacts

End time: 2024-03-15 06:33:07.847017
End name method: move_to_contacts
URL: https://sbis.ru/contacts/54-novosibirskaya-oblast?tab=clients

-----

-----
Test: test_second_case.py::test_second_case (call)
Start time: 2024-03-15 06:33:07.847131
Start name method: check_city

End time: 2024-03-15 06:33:07.965792
End name method: check_city
URL: https://sbis.ru/contacts/54-novosibirskaya-oblast?tab=clients

-----

-----
Test: test_second_case.py::test_second_case (call)
Start time: 2024-03-15 06:33:07.965903
Start name method: check_if_partners_exist

End time: 2024-03-15 06:33:08.010519
End name method: check_if_partners_exist
URL: https://sbis.ru/contacts/54-novosibirskaya-oblast?tab=clients

-----

-----
Test: test_second_case.py::test_second_case (call)
Start time: 2024-03-15 06:33:08.010694
Start name method: switch_to_another_region


-----
Test: test_second_case.py::test_second_case (call)
Start time: 2024-03-15 06:33:09.389580
Start name method: check_city

End time: 2024-03-15 06:33:09.485515
End name method: check_city
URL: https://sbis.ru/contacts/41-kamchatskij-kraj?tab=clients

-----

-----
Test: test_second_case.py::test_second_case (call)
Start time: 2024-03-15 06:33:09.485589
Start name method: check_patner_changed

End time: 2024-03-15 06:33:09.501615
End name method: check_patner_changed
URL: https://sbis.ru/contacts/41-kamchatskij-kraj?tab=clients

-----
End time: 2024-03-15 06:33:09.502908
End name method: switch_to_another_region
URL: https://sbis.ru/contacts/41-kamchatskij-kraj?tab=clients

-----

-----
Test: test_third_case.py::test_third_case (call)
Start time: 2024-03-15 06:33:11.213355
Start name method: move_to_download

End time: 2024-03-15 06:33:14.530726
End name method: move_to_download
URL: https://sbis.ru/download

-----

-----
Test: test_third_case.py::test_third_case (call)
Start time: 2024-03-15 06:33:14.530804
Start name method: dowload

End time: 2024-03-15 06:33:21.814253
End name method: dowload
URL: https://sbis.ru/download?tab=plugin&innerTab=default

-----
